<?xml version="1.0" encoding="UTF-8"?>
<!-- Generated by org.testng.reporters.JUnitReportReporter -->
<testsuite hostname="IN2121148W1" failures="0" tests="1" name="test.Hotel_App_3" time="25.336" errors="0" timestamp="2023-01-05T10:47:12 IST" skipped="0">
  <testcase classname="test.Hotel_App_3" name="function" time="25.336"/>
  <system-out/>
</testsuite> <!-- test.Hotel_App_3 -->
