<?xml version="1.0" encoding="UTF-8"?>
<!-- Generated by org.testng.reporters.JUnitReportReporter -->
<testsuite hostname="IN2121148W1" failures="0" tests="3" name="test.Annotations_Example" time="0.013" errors="0" timestamp="2023-01-05T11:55:34 IST" skipped="1">
  <testcase classname="test.Annotations_Example" name="afunction2" time="0.011"/>
  <system-out>
    <![CDATA[I am inside function 2 ]]>
  </system-out>
  <testcase classname="test.Annotations_Example" name="Function1" time="0.002"/>
  <system-out>
    <![CDATA[I am inside function 1 ]]>
  </system-out>
  <testcase classname="test.Annotations_Example" name="Function3">
    <skipped/>
  </testcase> <!-- Function3 -->
  <system-out/>
</testsuite> <!-- test.Annotations_Example -->
