<?xml version="1.0" encoding="UTF-8"?>
<!-- Generated by org.testng.reporters.JUnitReportReporter -->
<testsuite hostname="IN2121148W1" failures="0" tests="1" name="test.Second_TestNG_Class" time="28.615" errors="0" timestamp="2023-01-05T10:47:12 IST" skipped="0">
  <testcase classname="test.Second_TestNG_Class" name="function" time="28.615"/>
  <system-out/>
</testsuite> <!-- test.Second_TestNG_Class -->
