<?xml version="1.0" encoding="UTF-8"?>
<!-- Generated by org.testng.reporters.JUnitReportReporter -->
<testsuite hostname="IN2121148W1" failures="0" tests="2" name="test.Multi_Browser" time="10.398" errors="0" timestamp="2023-01-05T12:38:04 IST" skipped="0">
  <testcase classname="test.Multi_Browser" name="function" time="5.999"/>
  <system-out/>
  <testcase classname="test.Multi_Browser" name="function" time="4.399"/>
  <system-out/>
</testsuite> <!-- test.Multi_Browser -->
