<?xml version="1.0" encoding="UTF-8"?>
<!-- Generated by org.testng.reporters.JUnitReportReporter -->
<testsuite hostname="IN2121148W1" failures="0" tests="1" name="test.Hotel_App_Test" time="1.378" errors="0" timestamp="2023-01-05T10:47:12 IST" skipped="0">
  <testcase classname="test.Hotel_App_Test" name="test" time="1.378"/>
  <system-out/>
</testsuite> <!-- test.Hotel_App_Test -->
